<?xml version="1.0" encoding="UTF-8"?>
<coverage generated="1583953422759" clover="3.2.0">
  <project timestamp="1583953422759" name="All files">
    <metrics statements="63" coveredstatements="52" conditionals="12" coveredconditionals="10" methods="35" coveredmethods="22" elements="110" coveredelements="84" complexity="0" loc="63" ncloc="63" packages="3" files="11" classes="11"/>
    <package name="src">
      <metrics statements="1" coveredstatements="1" conditionals="0" coveredconditionals="0" methods="1" coveredmethods="1"/>
      <file name="math.js" path="/Users/moshfeghhamedani/Dropbox/Courses/Redux/Code/Demos/redux-starter/src/math.js">
        <metrics statements="1" coveredstatements="1" conditionals="0" coveredconditionals="0" methods="1" coveredmethods="1"/>
        <line num="1" count="2" type="stmt"/>
      </file>
    </package>
    <package name="src.store">
      <metrics statements="45" coveredstatements="36" conditionals="2" coveredconditionals="2" methods="24" coveredmethods="15"/>
      <file name="api.js" path="/Users/moshfeghhamedani/Dropbox/Courses/Redux/Code/Demos/redux-starter/src/store/api.js">
        <metrics statements="3" coveredstatements="3" conditionals="0" coveredconditionals="0" methods="0" coveredmethods="0"/>
        <line num="3" count="1" type="stmt"/>
        <line num="4" count="1" type="stmt"/>
        <line num="5" count="1" type="stmt"/>
      </file>
      <file name="bugs.js" path="/Users/moshfeghhamedani/Dropbox/Courses/Redux/Code/Demos/redux-starter/src/store/bugs.js">
        <metrics statements="33" coveredstatements="26" conditionals="2" coveredconditionals="2" methods="21" coveredmethods="14"/>
        <line num="7" count="1" type="stmt"/>
        <line num="16" count="5" type="stmt"/>
        <line num="20" count="4" type="stmt"/>
        <line num="21" count="4" type="stmt"/>
        <line num="22" count="4" type="stmt"/>
        <line num="26" count="1" type="stmt"/>
        <line num="30" count="0" type="stmt"/>
        <line num="31" count="0" type="stmt"/>
        <line num="32" count="0" type="stmt"/>
        <line num="38" count="3" type="stmt"/>
        <line num="43" count="1" type="stmt"/>
        <line num="44" count="1" type="stmt"/>
        <line num="56" count="1" type="stmt"/>
        <line num="60" count="1" type="stmt"/>
        <line num="62" count="6" type="stmt"/>
        <line num="63" count="6" type="stmt"/>
        <line num="65" count="6" type="stmt"/>
        <line num="66" count="6" type="cond" truecount="2" falsecount="0"/>
        <line num="68" count="5" type="stmt"/>
        <line num="78" count="1" type="stmt"/>
        <line num="79" count="4" type="stmt"/>
        <line num="86" count="1" type="stmt"/>
        <line num="87" count="2" type="stmt"/>
        <line num="96" count="1" type="stmt"/>
        <line num="97" count="0" type="stmt"/>
        <line num="109" count="1" type="stmt"/>
        <line num="110" count="0" type="stmt"/>
        <line num="111" count="0" type="stmt"/>
        <line num="112" count="0" type="stmt"/>
        <line num="115" count="1" type="stmt"/>
        <line num="116" count="1" type="stmt"/>
        <line num="117" count="1" type="stmt"/>
        <line num="118" count="3" type="stmt"/>
      </file>
      <file name="configureStore.js" path="/Users/moshfeghhamedani/Dropbox/Courses/Redux/Code/Demos/redux-starter/src/store/configureStore.js">
        <metrics statements="1" coveredstatements="1" conditionals="0" coveredconditionals="0" methods="1" coveredmethods="1"/>
        <line num="8" count="10" type="stmt"/>
      </file>
      <file name="entities.js" path="/Users/moshfeghhamedani/Dropbox/Courses/Redux/Code/Demos/redux-starter/src/store/entities.js">
        <metrics statements="0" coveredstatements="0" conditionals="0" coveredconditionals="0" methods="0" coveredmethods="0"/>
      </file>
      <file name="projects.js" path="/Users/moshfeghhamedani/Dropbox/Courses/Redux/Code/Demos/redux-starter/src/store/projects.js">
        <metrics statements="4" coveredstatements="3" conditionals="0" coveredconditionals="0" methods="1" coveredmethods="0"/>
        <line num="3" count="1" type="stmt"/>
        <line num="5" count="1" type="stmt"/>
        <line num="11" count="0" type="stmt"/>
        <line num="19" count="1" type="stmt"/>
      </file>
      <file name="reducer.js" path="/Users/moshfeghhamedani/Dropbox/Courses/Redux/Code/Demos/redux-starter/src/store/reducer.js">
        <metrics statements="0" coveredstatements="0" conditionals="0" coveredconditionals="0" methods="0" coveredmethods="0"/>
      </file>
      <file name="users.js" path="/Users/moshfeghhamedani/Dropbox/Courses/Redux/Code/Demos/redux-starter/src/store/users.js">
        <metrics statements="4" coveredstatements="3" conditionals="0" coveredconditionals="0" methods="1" coveredmethods="0"/>
        <line num="3" count="1" type="stmt"/>
        <line num="5" count="1" type="stmt"/>
        <line num="11" count="0" type="stmt"/>
        <line num="19" count="1" type="stmt"/>
      </file>
    </package>
    <package name="src.store.middleware">
      <metrics statements="17" coveredstatements="15" conditionals="10" coveredconditionals="8" methods="10" coveredmethods="6"/>
      <file name="api.js" path="/Users/moshfeghhamedani/Dropbox/Courses/Redux/Code/Demos/redux-starter/src/store/middleware/api.js">
        <metrics statements="11" coveredstatements="11" conditionals="8" coveredconditionals="7" methods="3" coveredmethods="3"/>
        <line num="4" count="10" type="stmt"/>
        <line num="5" count="36" type="cond" truecount="2" falsecount="0"/>
        <line num="7" count="11" type="stmt"/>
        <line num="9" count="11" type="cond" truecount="2" falsecount="0"/>
        <line num="11" count="11" type="stmt"/>
        <line num="13" count="11" type="stmt"/>
        <line num="14" count="11" type="stmt"/>
        <line num="21" count="8" type="stmt"/>
        <line num="23" count="8" type="cond" truecount="1" falsecount="1"/>
        <line num="26" count="3" type="stmt"/>
        <line num="28" count="3" type="cond" truecount="2" falsecount="0"/>
      </file>
      <file name="logger.js" path="/Users/moshfeghhamedani/Dropbox/Courses/Redux/Code/Demos/redux-starter/src/store/middleware/logger.js">
        <metrics statements="3" coveredstatements="1" conditionals="0" coveredconditionals="0" methods="4" coveredmethods="0"/>
        <line num="2" count="1" type="stmt"/>
        <line num="3" count="0" type="stmt"/>
        <line num="4" count="0" type="stmt"/>
      </file>
      <file name="toast.js" path="/Users/moshfeghhamedani/Dropbox/Courses/Redux/Code/Demos/redux-starter/src/store/middleware/toast.js">
        <metrics statements="3" coveredstatements="3" conditionals="2" coveredconditionals="1" methods="3" coveredmethods="3"/>
        <line num="1" count="10" type="stmt"/>
        <line num="2" count="36" type="cond" truecount="1" falsecount="1"/>
        <line num="3" count="36" type="stmt"/>
      </file>
    </package>
  </project>
</coverage>
