{"/Users/moshfeghhamedani/Dropbox/Courses/Redux/Code/Demos/redux-starter/src/math.js": {"path":"/Users/moshfeghhamedani/Dropbox/Courses/Redux/Code/Demos/redux-starter/src/math.js","statementMap":{"0":{"start":{"line":1,"column":22},"end":{"line":1,"column":48}},"1":{"start":{"line":1,"column":32},"end":{"line":1,"column":48}}},"fnMap":{"0":{"name":"(anonymous_0)","decl":{"start":{"line":1,"column":22},"end":{"line":1,"column":23}},"loc":{"start":{"line":1,"column":32},"end":{"line":1,"column":48}},"line":1}},"branchMap":{},"s":{"0":1,"1":2},"f":{"0":2},"b":{},"_coverageSchema":"1a1c01bbd47fc00a2c39e90264f33305004495a9","hash":"1b85c234233487ce0e7ba99c6c2e4c4e7be4a68f"}
,"/Users/moshfeghhamedani/Dropbox/Courses/Redux/Code/Demos/redux-starter/src/store/api.js": {"path":"/Users/moshfeghhamedani/Dropbox/Courses/Redux/Code/Demos/redux-starter/src/store/api.js","statementMap":{"0":{"start":{"line":3,"column":28},"end":{"line":3,"column":57}},"1":{"start":{"line":4,"column":30},"end":{"line":4,"column":61}},"2":{"start":{"line":5,"column":29},"end":{"line":5,"column":59}}},"fnMap":{},"branchMap":{},"s":{"0":1,"1":1,"2":1},"f":{},"b":{},"_coverageSchema":"1a1c01bbd47fc00a2c39e90264f33305004495a9","hash":"e6453475e1af0026e0a770f689afce36e380ae1c"}
,"/Users/moshfeghhamedani/Dropbox/Courses/Redux/Code/Demos/redux-starter/src/store/bugs.js": {"path":"/Users/moshfeghhamedani/Dropbox/Courses/Redux/Code/Demos/redux-starter/src/store/bugs.js","statementMap":{"0":{"start":{"line":7,"column":14},"end":{"line":47,"column":2}},"1":{"start":{"line":16,"column":6},"end":{"line":16,"column":26}},"2":{"start":{"line":20,"column":6},"end":{"line":20,"column":33}},"3":{"start":{"line":21,"column":6},"end":{"line":21,"column":27}},"4":{"start":{"line":22,"column":6},"end":{"line":22,"column":34}},"5":{"start":{"line":26,"column":6},"end":{"line":26,"column":27}},"6":{"start":{"line":30,"column":36},"end":{"line":30,"column":50}},"7":{"start":{"line":31,"column":20},"end":{"line":31,"column":64}},"8":{"start":{"line":31,"column":47},"end":{"line":31,"column":63}},"9":{"start":{"line":32,"column":6},"end":{"line":32,"column":39}},"10":{"start":{"line":38,"column":6},"end":{"line":38,"column":37}},"11":{"start":{"line":43,"column":20},"end":{"line":43,"column":76}},"12":{"start":{"line":43,"column":47},"end":{"line":43,"column":75}},"13":{"start":{"line":44,"column":6},"end":{"line":44,"column":39}},"14":{"start":{"line":56,"column":4},"end":{"line":56,"column":17}},"15":{"start":{"line":60,"column":12},"end":{"line":60,"column":19}},"16":{"start":{"line":62,"column":24},"end":{"line":76,"column":1}},"17":{"start":{"line":62,"column":30},"end":{"line":76,"column":1}},"18":{"start":{"line":63,"column":24},"end":{"line":63,"column":48}},"19":{"start":{"line":65,"column":24},"end":{"line":65,"column":67}},"20":{"start":{"line":66,"column":2},"end":{"line":66,"column":33}},"21":{"start":{"line":66,"column":26},"end":{"line":66,"column":33}},"22":{"start":{"line":68,"column":2},"end":{"line":75,"column":4}},"23":{"start":{"line":78,"column":22},"end":{"line":84,"column":4}},"24":{"start":{"line":79,"column":2},"end":{"line":84,"column":4}},"25":{"start":{"line":86,"column":26},"end":{"line":94,"column":4}},"26":{"start":{"line":87,"column":2},"end":{"line":94,"column":4}},"27":{"start":{"line":96,"column":31},"end":{"line":102,"column":4}},"28":{"start":{"line":97,"column":2},"end":{"line":102,"column":4}},"29":{"start":{"line":109,"column":29},"end":{"line":113,"column":3}},"30":{"start":{"line":110,"column":2},"end":{"line":113,"column":3}},"31":{"start":{"line":111,"column":13},"end":{"line":111,"column":32}},"32":{"start":{"line":112,"column":12},"end":{"line":112,"column":53}},"33":{"start":{"line":112,"column":31},"end":{"line":112,"column":52}},"34":{"start":{"line":115,"column":33},"end":{"line":119,"column":1}},"35":{"start":{"line":116,"column":11},"end":{"line":116,"column":30}},"36":{"start":{"line":117,"column":11},"end":{"line":117,"column":34}},"37":{"start":{"line":118,"column":22},"end":{"line":118,"column":60}},"38":{"start":{"line":118,"column":46},"end":{"line":118,"column":59}}},"fnMap":{"0":{"name":"(anonymous_0)","decl":{"start":{"line":15,"column":19},"end":{"line":15,"column":20}},"loc":{"start":{"line":15,"column":37},"end":{"line":17,"column":5}},"line":15},"1":{"name":"(anonymous_1)","decl":{"start":{"line":19,"column":18},"end":{"line":19,"column":19}},"loc":{"start":{"line":19,"column":36},"end":{"line":23,"column":5}},"line":19},"2":{"name":"(anonymous_2)","decl":{"start":{"line":25,"column":23},"end":{"line":25,"column":24}},"loc":{"start":{"line":25,"column":41},"end":{"line":27,"column":5}},"line":25},"3":{"name":"(anonymous_3)","decl":{"start":{"line":29,"column":23},"end":{"line":29,"column":24}},"loc":{"start":{"line":29,"column":41},"end":{"line":33,"column":5}},"line":29},"4":{"name":"(anonymous_4)","decl":{"start":{"line":31,"column":40},"end":{"line":31,"column":41}},"loc":{"start":{"line":31,"column":47},"end":{"line":31,"column":63}},"line":31},"5":{"name":"(anonymous_5)","decl":{"start":{"line":37,"column":14},"end":{"line":37,"column":15}},"loc":{"start":{"line":37,"column":32},"end":{"line":39,"column":5}},"line":37},"6":{"name":"(anonymous_6)","decl":{"start":{"line":42,"column":17},"end":{"line":42,"column":18}},"loc":{"start":{"line":42,"column":35},"end":{"line":45,"column":5}},"line":42},"7":{"name":"(anonymous_7)","decl":{"start":{"line":43,"column":40},"end":{"line":43,"column":41}},"loc":{"start":{"line":43,"column":47},"end":{"line":43,"column":75}},"line":43},"8":{"name":"(anonymous_8)","decl":{"start":{"line":62,"column":24},"end":{"line":62,"column":25}},"loc":{"start":{"line":62,"column":30},"end":{"line":76,"column":1}},"line":62},"9":{"name":"(anonymous_9)","decl":{"start":{"line":62,"column":30},"end":{"line":62,"column":31}},"loc":{"start":{"line":62,"column":54},"end":{"line":76,"column":1}},"line":62},"10":{"name":"(anonymous_10)","decl":{"start":{"line":78,"column":22},"end":{"line":78,"column":23}},"loc":{"start":{"line":79,"column":2},"end":{"line":84,"column":4}},"line":79},"11":{"name":"(anonymous_11)","decl":{"start":{"line":86,"column":26},"end":{"line":86,"column":27}},"loc":{"start":{"line":87,"column":2},"end":{"line":94,"column":4}},"line":87},"12":{"name":"(anonymous_12)","decl":{"start":{"line":96,"column":31},"end":{"line":96,"column":32}},"loc":{"start":{"line":97,"column":2},"end":{"line":102,"column":4}},"line":97},"13":{"name":"(anonymous_13)","decl":{"start":{"line":109,"column":29},"end":{"line":109,"column":30}},"loc":{"start":{"line":110,"column":2},"end":{"line":113,"column":3}},"line":110},"14":{"name":"(anonymous_14)","decl":{"start":{"line":111,"column":4},"end":{"line":111,"column":5}},"loc":{"start":{"line":111,"column":13},"end":{"line":111,"column":32}},"line":111},"15":{"name":"(anonymous_15)","decl":{"start":{"line":112,"column":4},"end":{"line":112,"column":5}},"loc":{"start":{"line":112,"column":12},"end":{"line":112,"column":53}},"line":112},"16":{"name":"(anonymous_16)","decl":{"start":{"line":112,"column":24},"end":{"line":112,"column":25}},"loc":{"start":{"line":112,"column":31},"end":{"line":112,"column":52}},"line":112},"17":{"name":"(anonymous_17)","decl":{"start":{"line":116,"column":2},"end":{"line":116,"column":3}},"loc":{"start":{"line":116,"column":11},"end":{"line":116,"column":30}},"line":116},"18":{"name":"(anonymous_18)","decl":{"start":{"line":117,"column":2},"end":{"line":117,"column":3}},"loc":{"start":{"line":117,"column":11},"end":{"line":117,"column":34}},"line":117},"19":{"name":"(anonymous_19)","decl":{"start":{"line":118,"column":2},"end":{"line":118,"column":3}},"loc":{"start":{"line":118,"column":22},"end":{"line":118,"column":60}},"line":118},"20":{"name":"(anonymous_20)","decl":{"start":{"line":118,"column":39},"end":{"line":118,"column":40}},"loc":{"start":{"line":118,"column":46},"end":{"line":118,"column":59}},"line":118}},"branchMap":{"0":{"loc":{"start":{"line":66,"column":2},"end":{"line":66,"column":33}},"type":"if","locations":[{"start":{"line":66,"column":2},"end":{"line":66,"column":33}},{"start":{"line":66,"column":2},"end":{"line":66,"column":33}}],"line":66}},"s":{"0":1,"1":5,"2":4,"3":4,"4":4,"5":1,"6":0,"7":0,"8":0,"9":0,"10":3,"11":1,"12":1,"13":1,"14":1,"15":1,"16":1,"17":6,"18":6,"19":6,"20":6,"21":1,"22":5,"23":1,"24":4,"25":1,"26":2,"27":1,"28":0,"29":1,"30":0,"31":0,"32":0,"33":0,"34":1,"35":1,"36":1,"37":1,"38":3},"f":{"0":5,"1":4,"2":1,"3":0,"4":0,"5":3,"6":1,"7":1,"8":6,"9":6,"10":4,"11":2,"12":0,"13":0,"14":0,"15":0,"16":0,"17":1,"18":1,"19":1,"20":3},"b":{"0":[1,5]},"_coverageSchema":"1a1c01bbd47fc00a2c39e90264f33305004495a9","hash":"3783ee5a7abe08676c6eec74e66010b877fba78a"}
,"/Users/moshfeghhamedani/Dropbox/Courses/Redux/Code/Demos/redux-starter/src/store/configureStore.js": {"path":"/Users/moshfeghhamedani/Dropbox/Courses/Redux/Code/Demos/redux-starter/src/store/configureStore.js","statementMap":{"0":{"start":{"line":8,"column":2},"end":{"line":16,"column":5}}},"fnMap":{"0":{"name":"(anonymous_0)","decl":{"start":{"line":7,"column":15},"end":{"line":7,"column":16}},"loc":{"start":{"line":7,"column":26},"end":{"line":17,"column":1}},"line":7}},"branchMap":{},"s":{"0":10},"f":{"0":10},"b":{},"_coverageSchema":"1a1c01bbd47fc00a2c39e90264f33305004495a9","hash":"98c809c3ca705303e529b29349295989a6de43c8"}
,"/Users/moshfeghhamedani/Dropbox/Courses/Redux/Code/Demos/redux-starter/src/store/entities.js": {"path":"/Users/moshfeghhamedani/Dropbox/Courses/Redux/Code/Demos/redux-starter/src/store/entities.js","statementMap":{},"fnMap":{},"branchMap":{},"s":{},"f":{},"b":{},"_coverageSchema":"1a1c01bbd47fc00a2c39e90264f33305004495a9","hash":"5d023ab276d125ae65d0011667923cbd27b9571d"}
,"/Users/moshfeghhamedani/Dropbox/Courses/Redux/Code/Demos/redux-starter/src/store/projects.js": {"path":"/Users/moshfeghhamedani/Dropbox/Courses/Redux/Code/Demos/redux-starter/src/store/projects.js","statementMap":{"0":{"start":{"line":3,"column":13},"end":{"line":3,"column":14}},"1":{"start":{"line":5,"column":14},"end":{"line":17,"column":2}},"2":{"start":{"line":11,"column":6},"end":{"line":14,"column":9}},"3":{"start":{"line":19,"column":32},"end":{"line":19,"column":45}}},"fnMap":{"0":{"name":"(anonymous_0)","decl":{"start":{"line":10,"column":18},"end":{"line":10,"column":19}},"loc":{"start":{"line":10,"column":40},"end":{"line":15,"column":5}},"line":10}},"branchMap":{},"s":{"0":1,"1":1,"2":0,"3":1},"f":{"0":0},"b":{},"_coverageSchema":"1a1c01bbd47fc00a2c39e90264f33305004495a9","hash":"52d42666f9d4dd5da7ecd2812180e80de759d2df"}
,"/Users/moshfeghhamedani/Dropbox/Courses/Redux/Code/Demos/redux-starter/src/store/reducer.js": {"path":"/Users/moshfeghhamedani/Dropbox/Courses/Redux/Code/Demos/redux-starter/src/store/reducer.js","statementMap":{},"fnMap":{},"branchMap":{},"s":{},"f":{},"b":{},"_coverageSchema":"1a1c01bbd47fc00a2c39e90264f33305004495a9","hash":"dc04c93414eb663b0d1981b59634dbfc13e96c3a"}
,"/Users/moshfeghhamedani/Dropbox/Courses/Redux/Code/Demos/redux-starter/src/store/users.js": {"path":"/Users/moshfeghhamedani/Dropbox/Courses/Redux/Code/Demos/redux-starter/src/store/users.js","statementMap":{"0":{"start":{"line":3,"column":13},"end":{"line":3,"column":14}},"1":{"start":{"line":5,"column":14},"end":{"line":17,"column":2}},"2":{"start":{"line":11,"column":6},"end":{"line":14,"column":9}},"3":{"start":{"line":19,"column":29},"end":{"line":19,"column":42}}},"fnMap":{"0":{"name":"(anonymous_0)","decl":{"start":{"line":10,"column":15},"end":{"line":10,"column":16}},"loc":{"start":{"line":10,"column":34},"end":{"line":15,"column":5}},"line":10}},"branchMap":{},"s":{"0":1,"1":1,"2":0,"3":1},"f":{"0":0},"b":{},"_coverageSchema":"1a1c01bbd47fc00a2c39e90264f33305004495a9","hash":"f6e87eeed6ebd3dbf31bc9cc3c98acfcd8d66c20"}
,"/Users/moshfeghhamedani/Dropbox/Courses/Redux/Code/Demos/redux-starter/src/store/middleware/api.js": {"path":"/Users/moshfeghhamedani/Dropbox/Courses/Redux/Code/Demos/redux-starter/src/store/middleware/api.js","statementMap":{"0":{"start":{"line":4,"column":12},"end":{"line":30,"column":1}},"1":{"start":{"line":4,"column":30},"end":{"line":30,"column":1}},"2":{"start":{"line":4,"column":38},"end":{"line":30,"column":1}},"3":{"start":{"line":5,"column":2},"end":{"line":5,"column":69}},"4":{"start":{"line":5,"column":49},"end":{"line":5,"column":69}},"5":{"start":{"line":7,"column":61},"end":{"line":7,"column":75}},"6":{"start":{"line":9,"column":2},"end":{"line":9,"column":43}},"7":{"start":{"line":9,"column":15},"end":{"line":9,"column":43}},"8":{"start":{"line":11,"column":2},"end":{"line":11,"column":15}},"9":{"start":{"line":13,"column":2},"end":{"line":29,"column":3}},"10":{"start":{"line":14,"column":21},"end":{"line":19,"column":6}},"11":{"start":{"line":21,"column":4},"end":{"line":21,"column":52}},"12":{"start":{"line":23,"column":4},"end":{"line":23,"column":73}},"13":{"start":{"line":23,"column":19},"end":{"line":23,"column":73}},"14":{"start":{"line":26,"column":4},"end":{"line":26,"column":51}},"15":{"start":{"line":28,"column":4},"end":{"line":28,"column":69}},"16":{"start":{"line":28,"column":17},"end":{"line":28,"column":69}}},"fnMap":{"0":{"name":"(anonymous_0)","decl":{"start":{"line":4,"column":12},"end":{"line":4,"column":13}},"loc":{"start":{"line":4,"column":30},"end":{"line":30,"column":1}},"line":4},"1":{"name":"(anonymous_1)","decl":{"start":{"line":4,"column":30},"end":{"line":4,"column":31}},"loc":{"start":{"line":4,"column":38},"end":{"line":30,"column":1}},"line":4},"2":{"name":"(anonymous_2)","decl":{"start":{"line":4,"column":38},"end":{"line":4,"column":39}},"loc":{"start":{"line":4,"column":54},"end":{"line":30,"column":1}},"line":4}},"branchMap":{"0":{"loc":{"start":{"line":5,"column":2},"end":{"line":5,"column":69}},"type":"if","locations":[{"start":{"line":5,"column":2},"end":{"line":5,"column":69}},{"start":{"line":5,"column":2},"end":{"line":5,"column":69}}],"line":5},"1":{"loc":{"start":{"line":9,"column":2},"end":{"line":9,"column":43}},"type":"if","locations":[{"start":{"line":9,"column":2},"end":{"line":9,"column":43}},{"start":{"line":9,"column":2},"end":{"line":9,"column":43}}],"line":9},"2":{"loc":{"start":{"line":23,"column":4},"end":{"line":23,"column":73}},"type":"if","locations":[{"start":{"line":23,"column":4},"end":{"line":23,"column":73}},{"start":{"line":23,"column":4},"end":{"line":23,"column":73}}],"line":23},"3":{"loc":{"start":{"line":28,"column":4},"end":{"line":28,"column":69}},"type":"if","locations":[{"start":{"line":28,"column":4},"end":{"line":28,"column":69}},{"start":{"line":28,"column":4},"end":{"line":28,"column":69}}],"line":28}},"s":{"0":1,"1":10,"2":10,"3":36,"4":25,"5":11,"6":11,"7":5,"8":11,"9":11,"10":11,"11":8,"12":8,"13":8,"14":3,"15":3,"16":1},"f":{"0":10,"1":10,"2":36},"b":{"0":[25,11],"1":[5,6],"2":[8,0],"3":[1,2]},"_coverageSchema":"1a1c01bbd47fc00a2c39e90264f33305004495a9","hash":"879b0638771e871e8ffb3d4c864fd7a343e36c49"}
,"/Users/moshfeghhamedani/Dropbox/Courses/Redux/Code/Demos/redux-starter/src/store/middleware/logger.js": {"path":"/Users/moshfeghhamedani/Dropbox/Courses/Redux/Code/Demos/redux-starter/src/store/middleware/logger.js","statementMap":{"0":{"start":{"line":2,"column":15},"end":{"line":6,"column":1}},"1":{"start":{"line":2,"column":24},"end":{"line":6,"column":1}},"2":{"start":{"line":2,"column":33},"end":{"line":6,"column":1}},"3":{"start":{"line":2,"column":41},"end":{"line":6,"column":1}},"4":{"start":{"line":3,"column":2},"end":{"line":3,"column":32}},"5":{"start":{"line":4,"column":2},"end":{"line":4,"column":22}}},"fnMap":{"0":{"name":"(anonymous_0)","decl":{"start":{"line":2,"column":15},"end":{"line":2,"column":16}},"loc":{"start":{"line":2,"column":24},"end":{"line":6,"column":1}},"line":2},"1":{"name":"(anonymous_1)","decl":{"start":{"line":2,"column":24},"end":{"line":2,"column":25}},"loc":{"start":{"line":2,"column":33},"end":{"line":6,"column":1}},"line":2},"2":{"name":"(anonymous_2)","decl":{"start":{"line":2,"column":33},"end":{"line":2,"column":34}},"loc":{"start":{"line":2,"column":41},"end":{"line":6,"column":1}},"line":2},"3":{"name":"(anonymous_3)","decl":{"start":{"line":2,"column":41},"end":{"line":2,"column":42}},"loc":{"start":{"line":2,"column":51},"end":{"line":6,"column":1}},"line":2}},"branchMap":{},"s":{"0":1,"1":0,"2":0,"3":0,"4":0,"5":0},"f":{"0":0,"1":0,"2":0,"3":0},"b":{},"_coverageSchema":"1a1c01bbd47fc00a2c39e90264f33305004495a9","hash":"3a12176ac878a89689942642bfe4fa56fdd47e4b"}
,"/Users/moshfeghhamedani/Dropbox/Courses/Redux/Code/Demos/redux-starter/src/store/middleware/toast.js": {"path":"/Users/moshfeghhamedani/Dropbox/Courses/Redux/Code/Demos/redux-starter/src/store/middleware/toast.js","statementMap":{"0":{"start":{"line":1,"column":14},"end":{"line":4,"column":1}},"1":{"start":{"line":1,"column":23},"end":{"line":4,"column":1}},"2":{"start":{"line":1,"column":31},"end":{"line":4,"column":1}},"3":{"start":{"line":2,"column":2},"end":{"line":3,"column":27}},"4":{"start":{"line":2,"column":31},"end":{"line":2,"column":79}},"5":{"start":{"line":3,"column":7},"end":{"line":3,"column":27}}},"fnMap":{"0":{"name":"(anonymous_0)","decl":{"start":{"line":1,"column":14},"end":{"line":1,"column":15}},"loc":{"start":{"line":1,"column":23},"end":{"line":4,"column":1}},"line":1},"1":{"name":"(anonymous_1)","decl":{"start":{"line":1,"column":23},"end":{"line":1,"column":24}},"loc":{"start":{"line":1,"column":31},"end":{"line":4,"column":1}},"line":1},"2":{"name":"(anonymous_2)","decl":{"start":{"line":1,"column":31},"end":{"line":1,"column":32}},"loc":{"start":{"line":1,"column":41},"end":{"line":4,"column":1}},"line":1}},"branchMap":{"0":{"loc":{"start":{"line":2,"column":2},"end":{"line":3,"column":27}},"type":"if","locations":[{"start":{"line":2,"column":2},"end":{"line":3,"column":27}},{"start":{"line":2,"column":2},"end":{"line":3,"column":27}}],"line":2}},"s":{"0":1,"1":10,"2":10,"3":36,"4":0,"5":36},"f":{"0":10,"1":10,"2":36},"b":{"0":[0,36]},"_coverageSchema":"1a1c01bbd47fc00a2c39e90264f33305004495a9","hash":"654e97b1500f7675996b59f0e66b7d146badf509"}
}
